[[1;34mINFO[m] Scanning for projects...
[[1;34mINFO[m] 
[[1;34mINFO[m] [1m-------------------------< [0;36mcom.example:server[0;1m >-------------------------[m
[[1;34mINFO[m] [1mBuilding server 0.0.1-SNAPSHOT[m
[[1;34mINFO[m] [1m--------------------------------[ jar ]---------------------------------[m
[[1;34mINFO[m] 
[[1;34mINFO[m] [1m>>> [0;32mspring-boot-maven-plugin:3.5.10:run[m [1m(default-cli)[0;1m > [0;1mtest-compile[m @ [36mserver[0;1m >>>[m
[[1;34mINFO[m] 
[[1;34mINFO[m] [1m--- [0;32mmaven-resources-plugin:3.3.1:resources[m [1m(default-resources)[m @ [36mserver[0;1m ---[m
[[1;34mINFO[m] Copying 1 resource from src/main/resources to target/classes
[[1;34mINFO[m] Copying 0 resource from src/main/resources to target/classes
[[1;34mINFO[m] 
[[1;34mINFO[m] [1m--- [0;32mmaven-compiler-plugin:3.14.1:compile[m [1m(default-compile)[m @ [36mserver[0;1m ---[m
[[1;34mINFO[m] Nothing to compile - all classes are up to date.
[[1;34mINFO[m] 
[[1;34mINFO[m] [1m--- [0;32mmaven-resources-plugin:3.3.1:testResources[m [1m(default-testResources)[m @ [36mserver[0;1m ---[m
[[1;34mINFO[m] skip non existing resourceDirectory /home/ruan.valdez/Documentos/desenvolvimento/pessoal/notifications/server/src/test/resources
[[1;34mINFO[m] 
[[1;34mINFO[m] [1m--- [0;32mmaven-compiler-plugin:3.14.1:testCompile[m [1m(default-testCompile)[m @ [36mserver[0;1m ---[m
[[1;34mINFO[m] Nothing to compile - all classes are up to date.
[[1;34mINFO[m] 
[[1;34mINFO[m] [1m<<< [0;32mspring-boot-maven-plugin:3.5.10:run[m [1m(default-cli)[0;1m < [0;1mtest-compile[m @ [36mserver[0;1m <<<[m
[[1;34mINFO[m] 
[[1;34mINFO[m] 
[[1;34mINFO[m] [1m--- [0;32mspring-boot-maven-plugin:3.5.10:run[m [1m(default-cli)[m @ [36mserver[0;1m ---[m
[[1;34mINFO[m] Attaching agents: []

  .   ____          _            __ _ _
 /\\ / ___'_ __ _ _(_)_ __  __ _ \ \ \ \
( ( )\___ | '_ | '_| | '_ \/ _` | \ \ \ \
 \\/  ___)| |_)| | | | | || (_| |  ) ) ) )
  '  |____| .__|_| |_|_| |_\__, | / / / /
 =========|_|==============|___/=/_/_/_/

 :: Spring Boot ::               (v3.5.10)

2026-03-11T09:31:52.593-03:00  INFO 21074 --- [server] [           main] com.example.server.ServerApplication     : Starting ServerApplication using Java 21.0.10 with PID 21074 (/home/ruan.valdez/Documentos/desenvolvimento/pessoal/notifications/server/target/classes started by root in /home/ruan.valdez/Documentos/desenvolvimento/pessoal/notifications/server)
2026-03-11T09:31:52.595-03:00  INFO 21074 --- [server] [           main] com.example.server.ServerApplication     : No active profile set, falling back to 1 default profile: "default"
2026-03-11T09:31:53.250-03:00  INFO 21074 --- [server] [           main] o.s.cloud.context.scope.GenericScope     : BeanFactory id=25edcdc8-6059-3817-b673-4e2a39038c60
2026-03-11T09:31:53.463-03:00  INFO 21074 --- [server] [           main] o.s.b.w.embedded.tomcat.TomcatWebServer  : Tomcat initialized with port 8081 (http)
2026-03-11T09:31:53.473-03:00  INFO 21074 --- [server] [           main] o.apache.catalina.core.StandardService   : Starting service [Tomcat]
2026-03-11T09:31:53.474-03:00  INFO 21074 --- [server] [           main] o.apache.catalina.core.StandardEngine    : Starting Servlet engine: [Apache Tomcat/10.1.50]
2026-03-11T09:31:53.511-03:00  INFO 21074 --- [server] [           main] o.a.c.c.C.[Tomcat].[localhost].[/]       : Initializing Spring embedded WebApplicationContext
2026-03-11T09:31:53.512-03:00  INFO 21074 --- [server] [           main] w.s.c.ServletWebServerApplicationContext : Root WebApplicationContext: initialization completed in 885 ms
2026-03-11T09:31:54.107-03:00  INFO 21074 --- [server] [           main] c.n.d.provider.DiscoveryJerseyProvider   : Using JSON encoding codec LegacyJacksonJson
2026-03-11T09:31:54.108-03:00  INFO 21074 --- [server] [           main] c.n.d.provider.DiscoveryJerseyProvider   : Using JSON decoding codec LegacyJacksonJson
2026-03-11T09:31:54.229-03:00  INFO 21074 --- [server] [           main] c.n.d.provider.DiscoveryJerseyProvider   : Using XML encoding codec XStreamXml
2026-03-11T09:31:54.229-03:00  INFO 21074 --- [server] [           main] c.n.d.provider.DiscoveryJerseyProvider   : Using XML decoding codec XStreamXml
2026-03-11T09:31:54.333-03:00  INFO 21074 --- [server] [           main] o.s.v.b.OptionalValidatorFactoryBean     : Failed to set up a Bean Validation provider: jakarta.validation.NoProviderFoundException: Unable to create a Configuration, because no Jakarta Bean Validation provider could be found. Add a provider like Hibernate Validator (RI) to your classpath.
2026-03-11T09:31:54.747-03:00  WARN 21074 --- [server] [           main] iguration$LoadBalancerCaffeineWarnLogger : Spring Cloud LoadBalancer is currently working with the default cache. While this cache implementation is useful for development and tests, it's recommended to use Caffeine cache in production.You can switch to using Caffeine cache, by adding it and org.springframework.cache.caffeine.CaffeineCacheManager to the classpath.
2026-03-11T09:31:54.759-03:00  INFO 21074 --- [server] [           main] o.s.c.n.eureka.InstanceInfoFactory       : Setting initial instance status as: STARTING
2026-03-11T09:31:54.771-03:00  INFO 21074 --- [server] [           main] com.netflix.discovery.DiscoveryClient    : Initializing Eureka in region us-east-1
2026-03-11T09:31:54.771-03:00  INFO 21074 --- [server] [           main] com.netflix.discovery.DiscoveryClient    : Client configured to neither register nor query for data.
2026-03-11T09:31:54.773-03:00  INFO 21074 --- [server] [           main] com.netflix.discovery.DiscoveryClient    : Discovery Client initialized at timestamp 1773232314772 with initial instances count: 0
2026-03-11T09:31:54.796-03:00  INFO 21074 --- [server] [           main] c.n.eureka.DefaultEurekaServerContext    : Initializing ...
2026-03-11T09:31:54.797-03:00  INFO 21074 --- [server] [           main] c.n.eureka.cluster.PeerEurekaNodes       : Adding new peer nodes [http://localhost:8081/eureka/]
2026-03-11T09:31:54.861-03:00  INFO 21074 --- [server] [           main] c.n.d.provider.DiscoveryJerseyProvider   : Using JSON encoding codec LegacyJacksonJson
2026-03-11T09:31:54.861-03:00  INFO 21074 --- [server] [           main] c.n.d.provider.DiscoveryJerseyProvider   : Using JSON decoding codec LegacyJacksonJson
2026-03-11T09:31:54.862-03:00  INFO 21074 --- [server] [           main] c.n.d.provider.DiscoveryJerseyProvider   : Using XML encoding codec XStreamXml
2026-03-11T09:31:54.862-03:00  INFO 21074 --- [server] [           main] c.n.d.provider.DiscoveryJerseyProvider   : Using XML decoding codec XStreamXml
2026-03-11T09:31:54.885-03:00  INFO 21074 --- [server] [           main] c.n.eureka.cluster.PeerEurekaNodes       : Replica node URL:  http://localhost:8081/eureka/
2026-03-11T09:31:54.890-03:00  INFO 21074 --- [server] [           main] c.n.e.registry.AbstractInstanceRegistry  : Finished initializing remote region registries. All known remote regions: []
2026-03-11T09:31:54.890-03:00  INFO 21074 --- [server] [           main] c.n.eureka.DefaultEurekaServerContext    : Initialized
2026-03-11T09:31:54.898-03:00  INFO 21074 --- [server] [           main] o.s.b.a.e.web.EndpointLinksResolver      : Exposing 1 endpoint beneath base path '/actuator'
2026-03-11T09:31:54.933-03:00  INFO 21074 --- [server] [           main] o.s.c.n.e.s.EurekaServiceRegistry        : Registering application SERVER with eureka with status UP
2026-03-11T09:31:54.939-03:00  INFO 21074 --- [server] [       Thread-9] o.s.c.n.e.server.EurekaServerBootstrap   : isAws returned false
2026-03-11T09:31:54.940-03:00  INFO 21074 --- [server] [       Thread-9] o.s.c.n.e.server.EurekaServerBootstrap   : Initialized server context
2026-03-11T09:31:54.940-03:00  INFO 21074 --- [server] [       Thread-9] c.n.e.r.PeerAwareInstanceRegistryImpl    : Got 1 instances from neighboring DS node
2026-03-11T09:31:54.940-03:00  INFO 21074 --- [server] [       Thread-9] c.n.e.r.PeerAwareInstanceRegistryImpl    : Renew threshold is: 1
2026-03-11T09:31:54.940-03:00  INFO 21074 --- [server] [       Thread-9] c.n.e.r.PeerAwareInstanceRegistryImpl    : Changing status to UP
2026-03-11T09:31:54.942-03:00  INFO 21074 --- [server] [       Thread-9] e.s.EurekaServerInitializerConfiguration : Started Eureka Server
2026-03-11T09:31:54.945-03:00  INFO 21074 --- [server] [           main] o.s.b.w.embedded.tomcat.TomcatWebServer  : Tomcat started on port 8081 (http) with context path '/'
2026-03-11T09:31:54.946-03:00  INFO 21074 --- [server] [           main] .s.c.n.e.s.EurekaAutoServiceRegistration : Updating port to 8081
2026-03-11T09:31:54.959-03:00  INFO 21074 --- [server] [           main] com.example.server.ServerApplication     : Started ServerApplication in 2.666 seconds (process running for 3.006)
2026-03-11T09:32:37.581-03:00  INFO 21074 --- [server] [ionShutdownHook] o.s.c.n.e.s.EurekaServiceRegistry        : Unregistering application SERVER with eureka with status DOWN
2026-03-11T09:32:37.583-03:00  INFO 21074 --- [server] [ionShutdownHook] o.s.b.w.e.tomcat.GracefulShutdown        : Commencing graceful shutdown. Waiting for active requests to complete
2026-03-11T09:32:37.588-03:00  INFO 21074 --- [server] [tomcat-shutdown] o.s.b.w.e.tomcat.GracefulShutdown        : Graceful shutdown complete
2026-03-11T09:32:37.590-03:00  INFO 21074 --- [server] [ionShutdownHook] o.s.c.n.e.server.EurekaServerBootstrap   : Shutting down Eureka Server..
2026-03-11T09:32:37.590-03:00  INFO 21074 --- [server] [ionShutdownHook] c.n.eureka.DefaultEurekaServerContext    : Shutting down ...
2026-03-11T09:32:37.591-03:00  INFO 21074 --- [server] [ionShutdownHook] c.n.eureka.DefaultEurekaServerContext    : Shut down
2026-03-11T09:32:37.591-03:00  INFO 21074 --- [server] [ionShutdownHook] o.s.c.n.e.server.EurekaServerBootstrap   : Eureka Service is now shutdown...
2026-03-11T09:32:37.592-03:00  INFO 21074 --- [server] [ionShutdownHook] c.n.eureka.DefaultEurekaServerContext    : Shutting down ...
2026-03-11T09:32:37.592-03:00  INFO 21074 --- [server] [ionShutdownHook] c.n.eureka.DefaultEurekaServerContext    : Shut down
2026-03-11T09:32:37.596-03:00  INFO 21074 --- [server] [ionShutdownHook] com.netflix.discovery.DiscoveryClient    : Shutting down DiscoveryClient ...
2026-03-11T09:32:37.596-03:00  INFO 21074 --- [server] [ionShutdownHook] com.netflix.discovery.DiscoveryClient    : Completed shut down of DiscoveryClient
[[1;34mINFO[m] [1m------------------------------------------------------------------------[m
[[1;34mINFO[m] [1;32mBUILD SUCCESS[m
[[1;34mINFO[m] [1m------------------------------------------------------------------------[m
[[1;34mINFO[m] Total time:  46.836 s
[[1;34mINFO[m] Finished at: 2026-03-11T09:32:37-03:00
[[1;34mINFO[m] [1m------------------------------------------------------------------------[m
